<?xml version="1.0" encoding="UTF-8"?>
<!-- Generated by org.testng.reporters.JUnitReportReporter -->
<testsuite hostname="LAPTOP-F41SU3D1" failures="0" tests="2" name="testng_basics.Working_With_Groups1" time="0.014" errors="0" timestamp="2025-02-18T15:56:49 IST" skipped="0">
  <testcase classname="testng_basics.Working_With_Groups1" name="LoginTest" time="0.013"/>
  <system-out/>
  <testcase classname="testng_basics.Working_With_Groups1" name="RegisterTest" time="0.001"/>
  <system-out/>
</testsuite> <!-- testng_basics.Working_With_Groups1 -->
