<?xml version="1.0" encoding="UTF-8"?>
<!-- Generated by org.testng.reporters.JUnitReportReporter -->
<testsuite hostname="LAPTOP-F41SU3D1" failures="0" tests="4" name="testng_basics.Methods" time="0.013" errors="0" timestamp="2025-02-17T13:24:14 IST" skipped="0">
  <testcase classname="testng_basics.Methods" name="LoginTest" time="0.001"/>
  <system-out/>
  <testcase classname="testng_basics.Methods" name="SubscribeTest" time="0.001"/>
  <system-out/>
  <testcase classname="testng_basics.Methods" name="SearchTest" time="0.003"/>
  <system-out/>
  <testcase classname="testng_basics.Methods" name="RegisterTest" time="0.008"/>
  <system-out/>
</testsuite> <!-- testng_basics.Methods -->
