<?xml version="1.0" encoding="UTF-8"?>
<!-- Generated by org.testng.reporters.JUnitReportReporter -->
<testsuite hostname="LAPTOP-F41SU3D1" failures="0" tests="1" name="testng_basics.Working_With_Parameter" time="44.822" errors="0" timestamp="2025-02-18T16:27:10 IST" skipped="0">
  <testcase classname="testng_basics.Working_With_Parameter" name="SearchTest" time="44.822"/>
  <system-out/>
</testsuite> <!-- testng_basics.Working_With_Parameter -->
