<?xml version="1.0" encoding="UTF-8"?>
<!-- Generated by org.testng.reporters.JUnitReportReporter -->
<testsuite hostname="LAPTOP-F41SU3D1" failures="0" tests="1" name="testng_basics.Working_With_Include" time="0.010" errors="0" timestamp="2025-02-18T16:03:16 IST" skipped="0">
  <testcase classname="testng_basics.Working_With_Include" name="LoginTest" time="0.010"/>
  <system-out/>
</testsuite> <!-- testng_basics.Working_With_Include -->
