<?xml version="1.0" encoding="UTF-8"?>
<!-- Generated by org.testng.reporters.JUnitReportReporter -->
<testsuite hostname="LAPTOP-F41SU3D1" failures="0" tests="3" name="testng_basics.Working_With_Inovacation_Count" time="0.013" errors="0" timestamp="2025-02-17T18:11:31 IST" skipped="0">
  <testcase classname="testng_basics.Working_With_Inovacation_Count" name="LoginTest" time="0.001"/>
  <system-out/>
  <testcase classname="testng_basics.Working_With_Inovacation_Count" name="LoginTest" time="0.002"/>
  <system-out/>
  <testcase classname="testng_basics.Working_With_Inovacation_Count" name="LoginTest" time="0.010"/>
  <system-out/>
</testsuite> <!-- testng_basics.Working_With_Inovacation_Count -->
