<?xml version="1.0" encoding="UTF-8"?>
<!-- Generated by org.testng.reporters.JUnitReportReporter -->
<testsuite hostname="LAPTOP-F41SU3D1" failures="0" tests="4" name="testng_basics.Working_With_Helper_Attribute" time="0.017" errors="0" timestamp="2025-02-17T13:08:37 IST" skipped="0">
  <testcase classname="testng_basics.Working_With_Helper_Attribute" name="RegisterTest" time="0.011"/>
  <system-out/>
  <testcase classname="testng_basics.Working_With_Helper_Attribute" name="LoginTest" time="0.004"/>
  <system-out/>
  <testcase classname="testng_basics.Working_With_Helper_Attribute" name="SearchTest" time="0.001"/>
  <system-out/>
  <testcase classname="testng_basics.Working_With_Helper_Attribute" name="SubscribeTest" time="0.001"/>
  <system-out/>
</testsuite> <!-- testng_basics.Working_With_Helper_Attribute -->
