<?xml version="1.0" encoding="UTF-8"?>
<!-- Generated by org.testng.reporters.JUnitReportReporter -->
<testsuite hostname="LAPTOP-F41SU3D1" failures="0" tests="2" name="testng_basics.SampleTest" time="0.014" errors="0" timestamp="2025-02-17T10:53:00 IST" skipped="0">
  <testcase classname="testng_basics.SampleTest" name="Demo" time="0.011"/>
  <system-out/>
  <testcase classname="testng_basics.SampleTest" name="Tc1" time="0.003"/>
  <system-out>
    <![CDATA[Test case 1]]>
  </system-out>
</testsuite> <!-- testng_basics.SampleTest -->
