<?xml version="1.0" encoding="UTF-8"?>
<!-- Generated by org.testng.reporters.JUnitReportReporter -->
<testsuite hostname="LAPTOP-F41SU3D1" failures="0" tests="1" name="testcases.SearchTest" time="22.521" errors="0" timestamp="2025-02-18T17:31:22 IST" skipped="0">
  <testcase classname="testcases.SearchTest" name="searchtestcase" time="22.521"/>
  <system-out>
    <![CDATA[app launched successfully
search test case completed]]>
  </system-out>
</testsuite> <!-- testcases.SearchTest -->
