<?xml version="1.0" encoding="UTF-8"?>
<!-- Generated by org.testng.reporters.JUnitReportReporter -->
<testsuite hostname="LAPTOP-F41SU3D1" failures="0" tests="1" name="testcases.SubscribeTest" time="21.785" errors="0" timestamp="2025-02-18T17:31:22 IST" skipped="0">
  <testcase classname="testcases.SubscribeTest" name="subscribetest" time="21.785"/>
  <system-out>
    <![CDATA[app launched successfully
subscribe testcase completed]]>
  </system-out>
</testsuite> <!-- testcases.SubscribeTest -->
