<?xml version="1.0" encoding="UTF-8"?>
<!-- Generated by org.testng.reporters.JUnitReportReporter -->
<testsuite hostname="LAPTOP-F41SU3D1" failures="0" tests="3" name="testng_basics.Working_With_Exclude" time="0.016" errors="0" timestamp="2025-02-21T12:46:04 IST" skipped="0">
  <testcase classname="testng_basics.Working_With_Exclude" name="RegisterTest" time="0.003"/>
  <system-out/>
  <testcase classname="testng_basics.Working_With_Exclude" name="Search" time="0.002"/>
  <system-out/>
  <testcase classname="testng_basics.Working_With_Exclude" name="CartTest" time="0.011"/>
  <system-out/>
</testsuite> <!-- testng_basics.Working_With_Exclude -->
