<?xml version="1.0" encoding="UTF-8"?>
<!-- Generated by org.testng.reporters.JUnitReportReporter -->
<testsuite hostname="LAPTOP-F41SU3D1" failures="0" tests="1" name="testng_basics.Working_With_Soft_Assertion" time="18.230" errors="0" timestamp="2025-02-18T17:53:19 IST" skipped="0">
  <testcase classname="testng_basics.Working_With_Soft_Assertion" name="Demo" time="18.230"/>
  <system-out/>
</testsuite> <!-- testng_basics.Working_With_Soft_Assertion -->
